<?xml version="1.0" encoding="UTF-8"?>
<!-- Generated by org.testng.reporters.JUnitReportReporter -->
<testsuite hostname="DESKTOP-9FJK98O" failures="0" tests="3" name="Assingement.Test123" time="54.047" errors="0" timestamp="2024-08-12T16:18:37 IST" skipped="0">
  <testcase classname="Assingement.Test123" name="startTest" time="16.331"/>
  <system-out/>
  <testcase classname="Assingement.Test123" name="startTest" time="18.657"/>
  <system-out/>
  <testcase classname="Assingement.Test123" name="startTest" time="19.059"/>
  <system-out/>
</testsuite> <!-- Assingement.Test123 -->
